0 info it worked if it ends with ok
1 verbose cli [ 'node',
1 verbose cli   '/usr/local/bin/npm',
1 verbose cli   'install',
1 verbose cli   'grunt-cotrib-uglify',
1 verbose cli   '--save-dev' ]
2 info using npm@2.0.2
3 info using node@v0.10.32
4 verbose node symlink /usr/local/bin/node
5 warn package.json JSConnect4@1.0.0 No description
6 warn package.json JSConnect4@1.0.0 No repository field.
7 warn package.json JSConnect4@1.0.0 No README data
8 verbose readDependencies using package.json deps
9 verbose cache add [ 'grunt-cotrib-uglify', null ]
10 verbose cache add spec="grunt-cotrib-uglify" args=["grunt-cotrib-uglify",null]
11 verbose parsed spec { raw: 'grunt-cotrib-uglify',
11 verbose parsed spec   scope: null,
11 verbose parsed spec   name: 'grunt-cotrib-uglify',
11 verbose parsed spec   rawSpec: '',
11 verbose parsed spec   spec: '*',
11 verbose parsed spec   type: 'range' }
12 verbose parsed spec { raw: 'grunt-cotrib-uglify',
12 verbose parsed spec   scope: null,
12 verbose parsed spec   name: 'grunt-cotrib-uglify',
12 verbose parsed spec   rawSpec: '',
12 verbose parsed spec   spec: '*',
12 verbose parsed spec   type: 'range' }
13 verbose addNamed [ 'grunt-cotrib-uglify', '*' ]
14 verbose addNamed [ null, '*' ]
15 silly lockFile 0bc64f78-grunt-cotrib-uglify grunt-cotrib-uglify@*
16 verbose lock grunt-cotrib-uglify@* /Users/florian/.npm/0bc64f78-grunt-cotrib-uglify.lock
17 silly addNameRange { name: 'grunt-cotrib-uglify', range: '*', hasData: false }
18 verbose mapToRegistry name grunt-cotrib-uglify
19 verbose mapToRegistry uri https://registry.npmjs.org/grunt-cotrib-uglify
20 verbose request on initialization, where is /grunt-cotrib-uglify
21 verbose request after pass 1, where is /grunt-cotrib-uglify
22 verbose request url raw /grunt-cotrib-uglify
23 verbose request resolving registry [ 'https://registry.npmjs.org/', './grunt-cotrib-uglify' ]
24 verbose request after pass 2, where is https://registry.npmjs.org/grunt-cotrib-uglify
25 verbose request no auth needed
26 info attempt registry request try #1 at 22:53:53
27 verbose request id 17285e42e6eac7e8
28 http request GET https://registry.npmjs.org/grunt-cotrib-uglify
29 http 404 https://registry.npmjs.org/grunt-cotrib-uglify
30 verbose headers { date: 'Sun, 02 Nov 2014 21:53:56 GMT',
30 verbose headers   server: 'CouchDB/1.5.0 (Erlang OTP/R16B03)',
30 verbose headers   'content-type': 'application/json',
30 verbose headers   'cache-control': 'max-age=0',
30 verbose headers   'content-length': '52',
30 verbose headers   'accept-ranges': 'bytes',
30 verbose headers   via: '1.1 varnish',
30 verbose headers   age: '0',
30 verbose headers   'x-served-by': 'cache-ams4130-AMS',
30 verbose headers   'x-cache': 'MISS',
30 verbose headers   'x-cache-hits': '0',
30 verbose headers   'x-timer': 'S1414965235.901248,VS0,VE654',
30 verbose headers   'keep-alive': 'timeout=10, max=50',
30 verbose headers   connection: 'Keep-Alive' }
31 silly registry.get cb [ 404,
31 silly registry.get   { date: 'Sun, 02 Nov 2014 21:53:56 GMT',
31 silly registry.get     server: 'CouchDB/1.5.0 (Erlang OTP/R16B03)',
31 silly registry.get     'content-type': 'application/json',
31 silly registry.get     'cache-control': 'max-age=0',
31 silly registry.get     'content-length': '52',
31 silly registry.get     'accept-ranges': 'bytes',
31 silly registry.get     via: '1.1 varnish',
31 silly registry.get     age: '0',
31 silly registry.get     'x-served-by': 'cache-ams4130-AMS',
31 silly registry.get     'x-cache': 'MISS',
31 silly registry.get     'x-cache-hits': '0',
31 silly registry.get     'x-timer': 'S1414965235.901248,VS0,VE654',
31 silly registry.get     'keep-alive': 'timeout=10, max=50',
31 silly registry.get     connection: 'Keep-Alive' } ]
32 silly lockFile 0bc64f78-grunt-cotrib-uglify grunt-cotrib-uglify@*
33 silly lockFile 0bc64f78-grunt-cotrib-uglify grunt-cotrib-uglify@*
34 verbose stack Error: 404 Not Found: grunt-cotrib-uglify
34 verbose stack     at RegClient.<anonymous> (/usr/local/lib/node_modules/npm/node_modules/npm-registry-client/lib/request.js:258:14)
34 verbose stack     at Request._callback (/usr/local/lib/node_modules/npm/node_modules/npm-registry-client/lib/request.js:197:65)
34 verbose stack     at Request.self.callback (/usr/local/lib/node_modules/npm/node_modules/request/request.js:237:22)
34 verbose stack     at Request.emit (events.js:98:17)
34 verbose stack     at Request.<anonymous> (/usr/local/lib/node_modules/npm/node_modules/request/request.js:1146:14)
34 verbose stack     at Request.emit (events.js:117:20)
34 verbose stack     at IncomingMessage.<anonymous> (/usr/local/lib/node_modules/npm/node_modules/request/request.js:1097:12)
34 verbose stack     at IncomingMessage.emit (events.js:117:20)
34 verbose stack     at _stream_readable.js:943:16
34 verbose stack     at process._tickCallback (node.js:419:13)
35 verbose statusCode 404
36 verbose pkgid grunt-cotrib-uglify
37 verbose cwd /Users/florian/Documents/STUDIUM/800) Studienarbeit/JSConnect4
38 error Darwin 14.0.0
39 error argv "node" "/usr/local/bin/npm" "install" "grunt-cotrib-uglify" "--save-dev"
40 error node v0.10.32
41 error npm  v2.0.2
42 error code E404
43 error 404 Not Found: grunt-cotrib-uglify
43 error 404
43 error 404 'grunt-cotrib-uglify' is not in the npm registry.
43 error 404 You should bug the author to publish it (or use the name yourself!)
43 error 404 It was specified as a dependency of 'JSConnect4'
43 error 404
43 error 404 Note that you can also install from a
43 error 404 tarball, folder, http url, or git url.
44 verbose exit [ 1, true ]
